<?xml version="1.0" encoding="UTF-8"?>
<Site BuildName="(empty)"
	BuildStamp="20230225-0321-Experimental"
	Name="docker-desktop"
	Generator="ctest-3.22.1"
	CompilerName="/usr/bin/c++"
	CompilerVersion="11.3.0"
	OSName="Linux"
	Hostname="docker-desktop"
	OSRelease="5.10.25-linuxkit"
	OSVersion="#1 SMP Tue Mar 23 09:27:39 UTC 2021"
	OSPlatform="x86_64"
	Is64Bits="1"
	VendorString="GenuineIntel"
	VendorID="Intel Corporation"
	FamilyID="6"
	ModelID="126"
	ProcessorCacheSize="6144"
	NumberOfLogicalCPU="8"
	NumberOfPhysicalCPU="8"
	TotalVirtualMemory="1023"
	TotalPhysicalMemory="7961"
	LogicalProcessorsPerPhysical="1"
	ProcessorClockFrequency="2000"
	>
	<Testing>
		<StartDateTime>Feb 25 03:21 UTC</StartDateTime>
		<StartTestTime>1677295272</StartTestTime>
		<TestList>
			<Test>./test/test_node_interface</Test>
			<Test>./test/test_driver_component</Test>
		</TestList>
		<Test Status="passed">
			<Name>test_node_interface</Name>
			<Path>./test</Path>
			<FullName>./test/test_node_interface</FullName>
			<FullCommandLine>/usr/bin/python3.10 "-u" "/opt/ros/humble/share/ament_cmake_test/cmake/run_test.py" "/root/ros2_testing/build/canopen_proxy_driver/test_results/canopen_proxy_driver/test_node_interface.gtest.xml" "--package-name" "canopen_proxy_driver" "--output-file" "/root/ros2_testing/build/canopen_proxy_driver/ament_cmake_gtest/test_node_interface.txt" "--command" "/root/ros2_testing/build/canopen_proxy_driver/test/test_node_interface" "--gtest_output=xml:/root/ros2_testing/build/canopen_proxy_driver/test_results/canopen_proxy_driver/test_node_interface.gtest.xml"</FullCommandLine>
			<Results>
				<NamedMeasurement type="numeric/double" name="Execution Time">
					<Value>0.691225</Value>
				</NamedMeasurement>
				<NamedMeasurement type="numeric/double" name="Processors">
					<Value>1</Value>
				</NamedMeasurement>
				<NamedMeasurement type="text/string" name="Completion Status">
					<Value>Completed</Value>
				</NamedMeasurement>
				<NamedMeasurement type="text/string" name="Command Line">
					<Value>/usr/bin/python3.10 "-u" "/opt/ros/humble/share/ament_cmake_test/cmake/run_test.py" "/root/ros2_testing/build/canopen_proxy_driver/test_results/canopen_proxy_driver/test_node_interface.gtest.xml" "--package-name" "canopen_proxy_driver" "--output-file" "/root/ros2_testing/build/canopen_proxy_driver/ament_cmake_gtest/test_node_interface.txt" "--command" "/root/ros2_testing/build/canopen_proxy_driver/test/test_node_interface" "--gtest_output=xml:/root/ros2_testing/build/canopen_proxy_driver/test_results/canopen_proxy_driver/test_node_interface.gtest.xml"</Value>
				</NamedMeasurement>
				<NamedMeasurement type="text/string" name="Environment">
					<Value>#CTEST_RESOURCE_GROUP_COUNT=</Value>
				</NamedMeasurement>
				<Measurement>
					<Value>-- run_test.py: invoking following command in '/root/ros2_testing/build/canopen_proxy_driver/test':
 - /root/ros2_testing/build/canopen_proxy_driver/test/test_node_interface --gtest_output=xml:/root/ros2_testing/build/canopen_proxy_driver/test_results/canopen_proxy_driver/test_node_interface.gtest.xml
Running main() from /opt/ros/humble/src/gtest_vendor/src/gtest_main.cc
[==========] Running 2 tests from 2 test suites.
[----------] Global test environment set-up.
[----------] 1 test from NodeCanopenProxyDriver
[ RUN      ] NodeCanopenProxyDriver.test_good_sequence_advanced
[       OK ] NodeCanopenProxyDriver.test_good_sequence_advanced (238 ms)
[----------] 1 test from NodeCanopenProxyDriver (238 ms total)

[----------] 1 test from NodeCanopenBasicLifecycleMaster
[ RUN      ] NodeCanopenBasicLifecycleMaster.test_good_sequence_advanced
[       OK ] NodeCanopenBasicLifecycleMaster.test_good_sequence_advanced (137 ms)
[----------] 1 test from NodeCanopenBasicLifecycleMaster (137 ms total)

[----------] Global test environment tear-down
[==========] 2 tests from 2 test suites ran. (376 ms total)
[  PASSED  ] 2 tests.
-- run_test.py: return code 0
-- run_test.py: inject classname prefix into gtest result file '/root/ros2_testing/build/canopen_proxy_driver/test_results/canopen_proxy_driver/test_node_interface.gtest.xml'
-- run_test.py: verify result file '/root/ros2_testing/build/canopen_proxy_driver/test_results/canopen_proxy_driver/test_node_interface.gtest.xml'
</Value>
				</Measurement>
			</Results>
			<Labels>
				<Label>gtest</Label>
			</Labels>
		</Test>
		<Test Status="passed">
			<Name>test_driver_component</Name>
			<Path>./test</Path>
			<FullName>./test/test_driver_component</FullName>
			<FullCommandLine>/usr/bin/python3.10 "-u" "/opt/ros/humble/share/ament_cmake_test/cmake/run_test.py" "/root/ros2_testing/build/canopen_proxy_driver/test_results/canopen_proxy_driver/test_driver_component.gtest.xml" "--package-name" "canopen_proxy_driver" "--output-file" "/root/ros2_testing/build/canopen_proxy_driver/ament_cmake_gtest/test_driver_component.txt" "--command" "/root/ros2_testing/build/canopen_proxy_driver/test/test_driver_component" "--gtest_output=xml:/root/ros2_testing/build/canopen_proxy_driver/test_results/canopen_proxy_driver/test_driver_component.gtest.xml"</FullCommandLine>
			<Results>
				<NamedMeasurement type="numeric/double" name="Execution Time">
					<Value>0.30331</Value>
				</NamedMeasurement>
				<NamedMeasurement type="numeric/double" name="Processors">
					<Value>1</Value>
				</NamedMeasurement>
				<NamedMeasurement type="text/string" name="Completion Status">
					<Value>Completed</Value>
				</NamedMeasurement>
				<NamedMeasurement type="text/string" name="Command Line">
					<Value>/usr/bin/python3.10 "-u" "/opt/ros/humble/share/ament_cmake_test/cmake/run_test.py" "/root/ros2_testing/build/canopen_proxy_driver/test_results/canopen_proxy_driver/test_driver_component.gtest.xml" "--package-name" "canopen_proxy_driver" "--output-file" "/root/ros2_testing/build/canopen_proxy_driver/ament_cmake_gtest/test_driver_component.txt" "--command" "/root/ros2_testing/build/canopen_proxy_driver/test/test_driver_component" "--gtest_output=xml:/root/ros2_testing/build/canopen_proxy_driver/test_results/canopen_proxy_driver/test_driver_component.gtest.xml"</Value>
				</NamedMeasurement>
				<NamedMeasurement type="text/string" name="Environment">
					<Value>#CTEST_RESOURCE_GROUP_COUNT=</Value>
				</NamedMeasurement>
				<Measurement>
					<Value>-- run_test.py: invoking following command in '/root/ros2_testing/build/canopen_proxy_driver/test':
 - /root/ros2_testing/build/canopen_proxy_driver/test/test_driver_component --gtest_output=xml:/root/ros2_testing/build/canopen_proxy_driver/test_results/canopen_proxy_driver/test_driver_component.gtest.xml
Running main() from /opt/ros/humble/src/gtest_vendor/src/gtest_main.cc
[==========] Running 2 tests from 1 test suite.
[----------] Global test environment set-up.
[----------] 2 tests from ComponentLoad
[ RUN      ] ComponentLoad.test_load_component_1
[INFO] [1677295273.247554900] [ComponentManager]: Load Library: /root/ros2_testing/install/canopen_proxy_driver/lib/liblifecycle_proxy_driver.so
[INFO] [1677295273.255286500] [ComponentManager]: Found class: rclcpp_components::NodeFactoryTemplate&lt;ros2_canopen::LifecycleProxyDriver&gt;
[INFO] [1677295273.255523300] [ComponentManager]: Instantiate class: rclcpp_components::NodeFactoryTemplate&lt;ros2_canopen::LifecycleProxyDriver&gt;
[       OK ] ComponentLoad.test_load_component_1 (57 ms)
[ RUN      ] ComponentLoad.test_load_component_2
[INFO] [1677295273.287731200] [ComponentManager]: Load Library: /root/ros2_testing/install/canopen_proxy_driver/lib/libproxy_driver.so
[INFO] [1677295273.288728700] [ComponentManager]: Found class: rclcpp_components::NodeFactoryTemplate&lt;ros2_canopen::ProxyDriver&gt;
[INFO] [1677295273.288864900] [ComponentManager]: Instantiate class: rclcpp_components::NodeFactoryTemplate&lt;ros2_canopen::ProxyDriver&gt;
[       OK ] ComponentLoad.test_load_component_2 (28 ms)
[----------] 2 tests from ComponentLoad (85 ms total)

[----------] Global test environment tear-down
[==========] 2 tests from 1 test suite ran. (85 ms total)
[  PASSED  ] 2 tests.
-- run_test.py: return code 0
-- run_test.py: inject classname prefix into gtest result file '/root/ros2_testing/build/canopen_proxy_driver/test_results/canopen_proxy_driver/test_driver_component.gtest.xml'
-- run_test.py: verify result file '/root/ros2_testing/build/canopen_proxy_driver/test_results/canopen_proxy_driver/test_driver_component.gtest.xml'
</Value>
				</Measurement>
			</Results>
			<Labels>
				<Label>gtest</Label>
			</Labels>
		</Test>
		<EndDateTime>Feb 25 03:21 UTC</EndDateTime>
		<EndTestTime>1677295273</EndTestTime>
		<ElapsedMinutes>0</ElapsedMinutes>
	</Testing>
</Site>
