[0.050s] Invoking command in '/root/ros2_testing/build/turtlesim': CMAKE_PREFIX_PATH=/opt/ros/humble /usr/bin/cmake /root/ros2_testing/src/ros_tutorials/turtlesim -DCMAKE_INSTALL_PREFIX=/root/ros2_testing/install/turtlesim
[0.290s] -- The C compiler identification is GNU 11.3.0
[0.435s] -- The CXX compiler identification is GNU 11.3.0
[0.459s] -- Detecting C compiler ABI info
[0.613s] -- Detecting C compiler ABI info - done
[0.626s] -- Check for working C compiler: /usr/bin/cc - skipped
[0.626s] -- Detecting C compile features
[0.627s] -- Detecting C compile features - done
[0.632s] -- Detecting CXX compiler ABI info
[0.786s] -- Detecting CXX compiler ABI info - done
[0.800s] -- Check for working CXX compiler: /usr/bin/c++ - skipped
[0.801s] -- Detecting CXX compile features
[0.802s] -- Detecting CXX compile features - done
[0.820s] -- Found ament_cmake: 1.3.3 (/opt/ros/humble/share/ament_cmake/cmake)
[1.078s] -- Found Python3: /usr/bin/python3.10 (found version "3.10.6") found components: Interpreter 
[1.268s] -- Found ament_index_cpp: 1.4.0 (/opt/ros/humble/share/ament_index_cpp/cmake)
[1.275s] -- Found geometry_msgs: 4.2.3 (/opt/ros/humble/share/geometry_msgs/cmake)
[1.379s] -- Found rosidl_generator_c: 3.1.4 (/opt/ros/humble/share/rosidl_generator_c/cmake)
[1.392s] -- Found rosidl_adapter: 3.1.4 (/opt/ros/humble/share/rosidl_adapter/cmake)
[1.408s] -- Found rosidl_generator_cpp: 3.1.4 (/opt/ros/humble/share/rosidl_generator_cpp/cmake)
[1.433s] -- Using all available rosidl_typesupport_c: rosidl_typesupport_fastrtps_c;rosidl_typesupport_introspection_c
[1.477s] -- Using all available rosidl_typesupport_cpp: rosidl_typesupport_fastrtps_cpp;rosidl_typesupport_introspection_cpp
[1.761s] -- Found rclcpp: 16.0.3 (/opt/ros/humble/share/rclcpp/cmake)
[1.886s] -- Found rmw_implementation_cmake: 6.1.1 (/opt/ros/humble/share/rmw_implementation_cmake/cmake)
[1.892s] -- Found rmw_fastrtps_cpp: 6.2.2 (/opt/ros/humble/share/rmw_fastrtps_cpp/cmake)
[2.126s] -- Found OpenSSL: /usr/lib/x86_64-linux-gnu/libcrypto.so (found version "3.0.2")  
[2.164s] -- Found FastRTPS: /opt/ros/humble/include  
[2.231s] -- Using RMW implementation 'rmw_fastrtps_cpp' as default
[2.249s] -- Looking for pthread.h
[2.396s] -- Looking for pthread.h - found
[2.397s] -- Performing Test CMAKE_HAVE_LIBC_PTHREAD
[2.531s] -- Performing Test CMAKE_HAVE_LIBC_PTHREAD - Success
[2.534s] -- Found Threads: TRUE  
[2.758s] -- Found rclcpp_action: 16.0.3 (/opt/ros/humble/share/rclcpp_action/cmake)
[2.913s] -- Found rosidl_default_generators: 1.2.0 (/opt/ros/humble/share/rosidl_default_generators/cmake)
[2.929s] -- Found std_srvs: 4.2.3 (/opt/ros/humble/share/std_srvs/cmake)
[3.724s] -- Found ament_cmake_ros: 0.10.0 (/opt/ros/humble/share/ament_cmake_ros/cmake)
[4.700s] -- Using all available rosidl_typesupport_c: rosidl_typesupport_fastrtps_c;rosidl_typesupport_introspection_c
[5.010s] -- Using all available rosidl_typesupport_cpp: rosidl_typesupport_fastrtps_cpp;rosidl_typesupport_introspection_cpp
[5.046s] -- Found PythonInterp: /usr/bin/python3 (found suitable version "3.10.6", minimum required is "3.6") 
[5.049s] -- Found python_cmake_module: 0.10.0 (/opt/ros/humble/share/python_cmake_module/cmake)
[5.085s] -- Found PythonLibs: /usr/lib/x86_64-linux-gnu/libpython3.10.so (found suitable version "3.10.6", minimum required is "3.5") 
[5.086s] -- Using PYTHON_EXECUTABLE: /usr/bin/python3
[5.086s] -- Using PYTHON_INCLUDE_DIRS: /usr/include/python3.10
[5.087s] -- Using PYTHON_LIBRARIES: /usr/lib/x86_64-linux-gnu/libpython3.10.so
[5.127s] -- Found PythonExtra: .so  
[5.248s] -- Configuring done
[5.467s] -- Generating done
[5.485s] -- Build files have been written to: /root/ros2_testing/build/turtlesim
[5.517s] Invoked command in '/root/ros2_testing/build/turtlesim' returned '0': CMAKE_PREFIX_PATH=/opt/ros/humble /usr/bin/cmake /root/ros2_testing/src/ros_tutorials/turtlesim -DCMAKE_INSTALL_PREFIX=/root/ros2_testing/install/turtlesim
[5.521s] Invoking command in '/root/ros2_testing/build/turtlesim': CMAKE_PREFIX_PATH=/opt/ros/humble /usr/bin/cmake --build /root/ros2_testing/build/turtlesim -- -j8 -l8
[5.616s] [  1%] [34m[1mGenerating C code for ROS interfaces[0m
[5.651s] [  2%] [34m[1mGenerating C++ code for ROS interfaces[0m
[5.710s] [  2%] Built target ament_cmake_python_copy_turtlesim
[6.544s] running egg_info
[6.549s] creating turtlesim.egg-info
[6.550s] writing turtlesim.egg-info/PKG-INFO
[6.551s] writing dependency_links to turtlesim.egg-info/dependency_links.txt
[6.552s] writing top-level names to turtlesim.egg-info/top_level.txt
[6.553s] writing manifest file 'turtlesim.egg-info/SOURCES.txt'
[6.561s] reading manifest file 'turtlesim.egg-info/SOURCES.txt'
[6.564s] writing manifest file 'turtlesim.egg-info/SOURCES.txt'
[6.676s] [  2%] Built target ament_cmake_python_build_turtlesim_egg
[9.143s] [  2%] Built target turtlesim__cpp
[9.189s] [  3%] [34m[1mGenerating C++ introspection for ROS interfaces[0m
[9.202s] [  4%] [34m[1mGenerating C++ type support for eProsima Fast-RTPS[0m
[9.273s] [  5%] [34m[1mGenerating C++ type support dispatch for ROS interfaces[0m
[9.880s] [  6%] [32mBuilding C object CMakeFiles/turtlesim__rosidl_generator_c.dir/rosidl_generator_c/turtlesim/action/detail/rotate_absolute__functions.c.o[0m
[9.906s] [  7%] [32mBuilding C object CMakeFiles/turtlesim__rosidl_generator_c.dir/rosidl_generator_c/turtlesim/msg/detail/color__functions.c.o[0m
[9.932s] [  8%] [32mBuilding C object CMakeFiles/turtlesim__rosidl_generator_c.dir/rosidl_generator_c/turtlesim/msg/detail/pose__functions.c.o[0m
[9.932s] [  9%] [32mBuilding C object CMakeFiles/turtlesim__rosidl_generator_c.dir/rosidl_generator_c/turtlesim/srv/detail/kill__functions.c.o[0m
[10.024s] [ 10%] [32mBuilding C object CMakeFiles/turtlesim__rosidl_generator_c.dir/rosidl_generator_c/turtlesim/srv/detail/set_pen__functions.c.o[0m
[10.263s] [ 11%] [32mBuilding C object CMakeFiles/turtlesim__rosidl_generator_c.dir/rosidl_generator_c/turtlesim/srv/detail/spawn__functions.c.o[0m
[10.462s] [ 12%] [32mBuilding C object CMakeFiles/turtlesim__rosidl_generator_c.dir/rosidl_generator_c/turtlesim/srv/detail/teleport_absolute__functions.c.o[0m
[10.484s] [ 13%] [32mBuilding C object CMakeFiles/turtlesim__rosidl_generator_c.dir/rosidl_generator_c/turtlesim/srv/detail/teleport_relative__functions.c.o[0m
[10.942s] [ 14%] [32m[1mLinking C shared library libturtlesim__rosidl_generator_c.so[0m
[11.200s] [ 14%] Built target turtlesim__rosidl_generator_c
[11.284s] [ 15%] [34m[1mGenerating C type support for eProsima Fast-RTPS[0m
[11.321s] [ 16%] [34m[1mGenerating C introspection for ROS interfaces[0m
[11.322s] [ 17%] [34m[1mGenerating C type support dispatch for ROS interfaces[0m
[12.993s] [ 18%] [32mBuilding CXX object CMakeFiles/turtlesim__rosidl_typesupport_cpp.dir/rosidl_typesupport_cpp/turtlesim/action/rotate_absolute__type_support.cpp.o[0m
[13.021s] [ 19%] [32mBuilding CXX object CMakeFiles/turtlesim__rosidl_typesupport_cpp.dir/rosidl_typesupport_cpp/turtlesim/msg/color__type_support.cpp.o[0m
[13.112s] [ 20%] [32mBuilding CXX object CMakeFiles/turtlesim__rosidl_typesupport_cpp.dir/rosidl_typesupport_cpp/turtlesim/msg/pose__type_support.cpp.o[0m
[13.227s] [ 21%] [32mBuilding CXX object CMakeFiles/turtlesim__rosidl_typesupport_introspection_cpp.dir/rosidl_typesupport_introspection_cpp/turtlesim/action/detail/rotate_absolute__type_support.cpp.o[0m
[13.298s] gmake[2]: *** Deleting file 'rosidl_typesupport_fastrtps_c/turtlesim/action/detail/rotate_absolute__rosidl_typesupport_fastrtps_c.h'
[13.300s] gmake[2]: *** Deleting file 'rosidl_typesupport_introspection_c/turtlesim/action/detail/rotate_absolute__rosidl_typesupport_introspection_c.h'
[13.309s] gmake[2]: *** Deleting file 'rosidl_typesupport_fastrtps_cpp/turtlesim/action/detail/dds_fastrtps/rotate_absolute__type_support.cpp'
[13.309s] gmake[2]: *** Deleting file 'rosidl_typesupport_c/turtlesim/action/rotate_absolute__type_support.cpp'
[13.312s] Traceback (most recent call last):
[13.313s]   File "/opt/ros/humble/lib/rosidl_typesupport_fastrtps_cpp/rosidl_typesupport_fastrtps_cpp", line 23, in <module>
[13.315s]     sys.exit(main())
[13.316s]   File "/opt/ros/humble/lib/rosidl_typesupport_fastrtps_cpp/rosidl_typesupport_fastrtps_cpp", line 19, in main
[13.317s]     generate_cpp(args.generator_arguments_file)
[13.318s]   File "/opt/ros/humble/local/lib/python3.10/dist-packages/rosidl_typesupport_fastrtps_cpp/__init__.py", line 24, in generate_cpp
[13.319s] gmake[2]: *** [CMakeFiles/turtlesim__rosidl_typesupport_cpp.dir/build.make:121: CMakeFiles/turtlesim__rosidl_typesupport_cpp.dir/rosidl_typesupport_cpp/turtlesim/action/rotate_absolute__type_support.cpp.o] Interrupt
[13.319s] gmake[2]: *** [CMakeFiles/turtlesim__rosidl_typesupport_cpp.dir/build.make:135: CMakeFiles/turtlesim__rosidl_typesupport_cpp.dir/rosidl_typesupport_cpp/turtlesim/msg/color__type_support.cpp.o] Interrupt
[13.321s] gmake[2]: *** [CMakeFiles/turtlesim__rosidl_typesupport_cpp.dir/build.make:149: CMakeFiles/turtlesim__rosidl_typesupport_cpp.dir/rosidl_typesupport_cpp/turtlesim/msg/pose__type_support.cpp.o] Interrupt
[13.322s] gmake[1]: *** [CMakeFiles/Makefile2:403: CMakeFiles/turtlesim__rosidl_typesupport_cpp.dir/all] Interrupt
[13.324s] Traceback (most recent call last):
[13.324s] Traceback (most recent call last):
[13.324s]   File "/opt/ros/humble/lib/rosidl_typesupport_c/rosidl_typesupport_c", line 28, in <module>
[13.325s]     sys.exit(main())
[13.326s]   File "/opt/ros/humble/lib/rosidl_typesupport_c/rosidl_typesupport_c", line 24, in main
[13.326s]     generate_c(args.generator_arguments_file, args.typesupports)
[13.326s]   File "/opt/ros/humble/local/lib/python3.10/dist-packages/rosidl_typesupport_c/__init__.py", line 28, in generate_c
[13.326s] Traceback (most recent call last):
[13.326s]   File "/opt/ros/humble/lib/rosidl_typesupport_fastrtps_c/rosidl_typesupport_fastrtps_c", line 33, in <module>
[13.327s]     sys.exit(main())
[13.327s]   File "/opt/ros/humble/lib/rosidl_typesupport_fastrtps_c/rosidl_typesupport_fastrtps_c", line 29, in main
[13.327s]     generate_typesupport_fastrtps_c(args.generator_arguments_file)
[13.329s]   File "/opt/ros/humble/local/lib/python3.10/dist-packages/rosidl_typesupport_fastrtps_c/__init__.py", line 24, in generate_typesupport_fastrtps_c
[13.329s]     return generate_files(
[13.332s]   File "/opt/ros/humble/local/lib/python3.10/dist-packages/rosidl_cmake/__init__.py", line 74, in generate_files
[13.333s]   File "/opt/ros/humble/lib/rosidl_typesupport_introspection_c/rosidl_typesupport_introspection_c", line 31, in <module>
[13.334s]     return generate_files(generator_arguments_file, mapping)
[13.334s]   File "/opt/ros/humble/local/lib/python3.10/dist-packages/rosidl_cmake/__init__.py", line 87, in generate_files
[13.335s]     expand_template(
[13.335s]   File "/opt/ros/humble/local/lib/python3.10/dist-packages/rosidl_cmake/__init__.py", line 149, in expand_template
[13.336s]     interpreter.string(template_content, template_path, locals=data)
[13.337s]   File "/usr/lib/python3/dist-packages/em.py", line 2391, in string
[13.338s]     return generate_files(generator_arguments_file, mapping)
[13.339s]   File "/opt/ros/humble/local/lib/python3.10/dist-packages/rosidl_cmake/__init__.py", line 74, in generate_files
[13.340s]     idl_file = parse_idl_file(locator)
[13.340s]   File "/opt/ros/humble/local/lib/python3.10/dist-packages/rosidl_parser/parser.py", line 64, in parse_idl_file
[13.348s] gmake[2]: *** [CMakeFiles/turtlesim__rosidl_typesupport_introspection_cpp.dir/build.make:147: CMakeFiles/turtlesim__rosidl_typesupport_introspection_cpp.dir/rosidl_typesupport_introspection_cpp/turtlesim/action/detail/rotate_absolute__type_support.cpp.o] Interrupt
[13.349s]     idl_file = parse_idl_file(locator)
[13.350s]   File "/opt/ros/humble/local/lib/python3.10/dist-packages/rosidl_parser/parser.py", line 64, in parse_idl_file
[13.350s]     content = parse_idl_string(string, png_file=png_file)
[13.351s]   File "/opt/ros/humble/local/lib/python3.10/dist-packages/rosidl_parser/parser.py", line 72, in parse_idl_string
[13.352s]     tree = get_ast_from_idl_string(idl_string)
[13.354s]   File "/opt/ros/humble/local/lib/python3.10/dist-packages/rosidl_parser/parser.py", line 89, in get_ast_from_idl_string
[13.355s]     return _parser.parse(idl_string)
[13.356s]   File "/usr/lib/python3/dist-packages/lark/lark.py", line 619, in parse
[13.358s]     content = parse_idl_string(string, png_file=png_file)
[13.358s]   File "/opt/ros/humble/local/lib/python3.10/dist-packages/rosidl_parser/parser.py", line 72, in parse_idl_string
[13.360s]     sys.exit(main())
[13.361s]     self.safe(scanner, True, locals)
[13.362s]   File "/opt/ros/humble/lib/rosidl_typesupport_introspection_c/rosidl_typesupport_introspection_c", line 27, in main
[13.362s]   File "/usr/lib/python3/dist-packages/em.py", line 2401, in safe
[13.363s] gmake[1]: *** [CMakeFiles/Makefile2:377: CMakeFiles/turtlesim__rosidl_typesupport_introspection_cpp.dir/all] Interrupt
[13.364s]     generate_c(args.generator_arguments_file)
[13.364s]   File "/opt/ros/humble/local/lib/python3.10/dist-packages/rosidl_typesupport_introspection_c/__init__.py", line 31, in generate_c
[13.364s]     tree = get_ast_from_idl_string(idl_string)
[13.364s]   File "/opt/ros/humble/local/lib/python3.10/dist-packages/rosidl_parser/parser.py", line 89, in get_ast_from_idl_string
[13.365s]     return generate_files(generator_arguments_file, mapping)
[13.365s]   File "/opt/ros/humble/local/lib/python3.10/dist-packages/rosidl_cmake/__init__.py", line 87, in generate_files
[13.365s]     expand_template(
[13.365s]   File "/opt/ros/humble/local/lib/python3.10/dist-packages/rosidl_cmake/__init__.py", line 149, in expand_template
[13.365s]     interpreter.string(template_content, template_path, locals=data)
[13.365s]   File "/usr/lib/python3/dist-packages/em.py", line 2391, in string
[13.366s]     self.parse(scanner, locals)
[13.366s]     return _parser.parse(idl_string)
[13.366s]     return self.parser.parse(text, start=start, on_error=on_error)
[13.368s]   File "/usr/lib/python3/dist-packages/em.py", line 2421, in parse
[13.369s]   File "/usr/lib/python3/dist-packages/lark/parser_frontends.py", line 99, in parse
[13.369s]   File "/usr/lib/python3/dist-packages/lark/lark.py", line 619, in parse
[13.370s]     return self.parser.parse(stream, chosen_start, **kw)
[13.371s]   File "/usr/lib/python3/dist-packages/lark/parsers/earley.py", line 266, in parse
[13.372s]     self.safe(scanner, True, locals)
[13.372s]   File "/usr/lib/python3/dist-packages/em.py", line 2401, in safe
[13.372s]     self.parse(scanner, locals)
[13.373s]   File "/usr/lib/python3/dist-packages/em.py", line 2421, in parse
[13.373s]     token.run(self, locals)
[13.374s]   File "/usr/lib/python3/dist-packages/em.py", line 1547, in run
[13.375s]     token.run(self, locals)
[13.375s]     to_scan = self._parse(lexer, columns, to_scan, start_symbol)
[13.379s]   File "/usr/lib/python3/dist-packages/lark/parsers/xearley.py", line 146, in _parse
[13.379s]   File "/usr/lib/python3/dist-packages/em.py", line 1547, in run
[13.382s]     return self.parser.parse(text, start=start, on_error=on_error)
[13.383s]     self.subrun(info[0][1], interpreter, locals)
[13.385s]   File "/usr/lib/python3/dist-packages/em.py", line 1631, in subrun
[13.386s]   File "/usr/lib/python3/dist-packages/lark/parser_frontends.py", line 99, in parse
[13.387s]     self.subrun(info[0][1], interpreter, locals)
[13.387s]   File "/usr/lib/python3/dist-packages/em.py", line 1631, in subrun
[13.388s]     to_scan = scan(i, to_scan)
[13.388s]     token.run(interpreter, locals)
[13.388s]   File "/usr/lib/python3/dist-packages/em.py", line 1425, in run
[13.389s]   File "/usr/lib/python3/dist-packages/lark/parsers/xearley.py", line 76, in scan
[13.389s]     m = match(x, stream, i)
[13.389s]     interpreter.execute(self.code, locals)
[13.391s]   File "/usr/lib/python3/dist-packages/em.py", line 2596, in execute
[13.391s]   File "/usr/lib/python3/dist-packages/lark/parser_frontends.py", line 179, in match
[13.392s]     return self.parser.parse(stream, chosen_start, **kw)
[13.392s]     return self.regexps[term.name].match(text, index)
[13.392s]   File "/usr/lib/python3/dist-packages/lark/parsers/earley.py", line 266, in parse
[13.392s] KeyboardInterrupt
[13.392s]     to_scan = self._parse(lexer, columns, to_scan, start_symbol)
[13.393s]   File "/usr/lib/python3/dist-packages/lark/parsers/xearley.py", line 144, in _parse
[13.393s]     self.predict_and_complete(i, to_scan, columns, transitives)
[13.395s]     _exec(statements, self.globals, locals)
[13.396s]   File "<string>", line 2, in <module>
[13.396s]   File "/usr/lib/python3/dist-packages/lark/parsers/earley.py", line 139, in predict_and_complete
[13.397s]     token.run(interpreter, locals)
[13.397s]     for rule in self.predictions[item.expect]:
[13.397s]   File "/usr/lib/python3/dist-packages/lark/grammar.py", line 18, in __eq__
[13.397s]   File "/usr/lib/python3/dist-packages/em.py", line 1425, in run
[13.398s]   File "/opt/ros/humble/local/lib/python3.10/dist-packages/rosidl_cmake/__init__.py", line 198, in _expand_template
[13.398s]     interpreter.string(content, str(template_path), kwargs)
[13.398s]   File "/usr/lib/python3/dist-packages/em.py", line 2391, in string
[13.399s]     def __eq__(self, other):
[13.399s] KeyboardInterrupt
[13.408s]     self.safe(scanner, True, locals)
[13.409s]   File "/usr/lib/python3/dist-packages/em.py", line 2401, in safe
[13.409s]     interpreter.execute(self.code, locals)
[13.410s]   File "/usr/lib/python3/dist-packages/em.py", line 2596, in execute
[13.410s]     self.parse(scanner, locals)
[13.411s]   File "/usr/lib/python3/dist-packages/em.py", line 2421, in parse
[13.413s]     token.run(self, locals)
[13.414s]   File "/usr/lib/python3/dist-packages/em.py", line 1425, in run
[13.419s]     _exec(statements, self.globals, locals)
[13.419s]   File "<string>", line 2, in <module>
[13.420s]     interpreter.execute(self.code, locals)
[13.420s]   File "/usr/lib/python3/dist-packages/em.py", line 2596, in execute
[13.420s]   File "/opt/ros/humble/local/lib/python3.10/dist-packages/rosidl_cmake/__init__.py", line 198, in _expand_template
[13.421s]     _exec(statements, self.globals, locals)
[13.421s]   File "<string>", line 2, in <module>
[13.422s]     interpreter.string(content, str(template_path), kwargs)
[13.422s]   File "/opt/ros/humble/local/lib/python3.10/dist-packages/rosidl_cmake/__init__.py", line 198, in _expand_template
[13.422s]   File "/usr/lib/python3/dist-packages/em.py", line 2391, in string
[13.422s]     interpreter.string(content, str(template_path), kwargs)
[13.423s]   File "/usr/lib/python3/dist-packages/em.py", line 2391, in string
[13.423s]     self.safe(scanner, True, locals)
[13.424s]   File "/usr/lib/python3/dist-packages/em.py", line 2401, in safe
[13.424s]     self.safe(scanner, True, locals)
[13.424s]   File "/usr/lib/python3/dist-packages/em.py", line 2401, in safe
[13.424s]     self.parse(scanner, locals)
[13.425s]   File "/usr/lib/python3/dist-packages/em.py", line 2421, in parse
[13.425s]     self.parse(scanner, locals)
[13.425s]   File "/usr/lib/python3/dist-packages/em.py", line 2417, in parse
[13.425s]     token = scanner.one()
[13.426s]   File "/usr/lib/python3/dist-packages/em.py", line 1984, in one
[13.427s]     token.run(self, locals)
[13.428s]   File "/usr/lib/python3/dist-packages/em.py", line 1547, in run
[13.429s]     token.scan(self)
[13.433s]   File "/usr/lib/python3/dist-packages/em.py", line 1421, in scan
[13.434s]     self.subrun(info[0][1], interpreter, locals)
[13.435s]   File "/usr/lib/python3/dist-packages/em.py", line 1631, in subrun
[13.436s]     i = scanner.complex('{', '}', 0)
[13.440s]   File "/usr/lib/python3/dist-packages/em.py", line 1893, in complex
[13.441s]     token.run(interpreter, locals)
[13.443s]   File "/usr/lib/python3/dist-packages/em.py", line 1527, in run
[13.445s]     newQuote = self.check(i, quote)
[13.447s]   File "/usr/lib/python3/dist-packages/em.py", line 1766, in check
[13.453s]     self.subrun(subtokens, interpreter, locals)
[13.454s]   File "/usr/lib/python3/dist-packages/em.py", line 1631, in subrun
[13.454s]     if self[i] in '\'\"':
[13.454s]   File "/usr/lib/python3/dist-packages/em.py", line 1682, in __getitem__
[13.455s]     token.run(interpreter, locals)
[13.470s]   File "/usr/lib/python3/dist-packages/em.py", line 1526, in run
[13.472s]     def __getitem__(self, index):
[13.473s] KeyboardInterrupt
[13.473s]     if interpreter.evaluate(secondary.rest, locals):
[13.474s]   File "/usr/lib/python3/dist-packages/em.py", line 2573, in evaluate
[13.474s]     result = eval(expression, self.globals, locals)
[13.476s]   File "<string>", line 1, in <module>
[13.476s] KeyboardInterrupt
[13.480s] Exception ignored in: <function Interpreter.__del__ at 0x7fe13b2ad090>
[13.481s] Traceback (most recent call last):
[13.485s]   File "/usr/lib/python3/dist-packages/em.py", line 2094, in __del__
[13.486s]   File "/usr/lib/python3/dist-packages/em.py", line 2157, in shutdown
[13.488s]   File "/usr/lib/python3/dist-packages/em.py", line 2647, in finalize
[13.491s]   File "/usr/lib/python3/dist-packages/em.py", line 2200, in push
[13.492s] AttributeError: '_io.TextIOWrapper' object has no attribute 'push'
[13.492s] Exception ignored in: <function Interpreter.__del__ at 0x7fe40742d1b0>
[13.492s] Traceback (most recent call last):
[13.492s]   File "/usr/lib/python3/dist-packages/em.py", line 2094, in __del__
[13.493s]   File "/usr/lib/python3/dist-packages/em.py", line 2157, in shutdown
[13.493s]   File "/usr/lib/python3/dist-packages/em.py", line 2647, in finalize
[13.493s] gmake[2]: *** [CMakeFiles/turtlesim__rosidl_typesupport_c.dir/build.make:94: rosidl_typesupport_c/turtlesim/action/rotate_absolute__type_support.cpp] Interrupt
[13.494s]   File "/usr/lib/python3/dist-packages/em.py", line 2200, in push
[13.496s] AttributeError: '_io.TextIOWrapper' object has no attribute 'push'
[13.498s] gmake[1]: *** [CMakeFiles/Makefile2:350: CMakeFiles/turtlesim__rosidl_typesupport_c.dir/all] Interrupt
[13.499s] gmake[2]: *** [CMakeFiles/turtlesim__rosidl_typesupport_fastrtps_cpp.dir/build.make:96: rosidl_typesupport_fastrtps_cpp/turtlesim/action/detail/dds_fastrtps/rotate_absolute__type_support.cpp] Interrupt
[13.502s] gmake[1]: *** [CMakeFiles/Makefile2:298: CMakeFiles/turtlesim__rosidl_typesupport_fastrtps_cpp.dir/all] Interrupt
[13.503s] gmake[2]: *** [CMakeFiles/turtlesim__rosidl_typesupport_fastrtps_c.dir/build.make:96: rosidl_typesupport_fastrtps_c/turtlesim/action/detail/rotate_absolute__rosidl_typesupport_fastrtps_c.h] Interrupt
[13.503s] gmake[1]: *** [CMakeFiles/Makefile2:246: CMakeFiles/turtlesim__rosidl_typesupport_fastrtps_c.dir/all] Interrupt
[13.503s] gmake[2]: *** [CMakeFiles/turtlesim__rosidl_typesupport_introspection_c.dir/build.make:96: rosidl_typesupport_introspection_c/turtlesim/action/detail/rotate_absolute__rosidl_typesupport_introspection_c.h] Interrupt
[13.504s] gmake[1]: *** [CMakeFiles/Makefile2:324: CMakeFiles/turtlesim__rosidl_typesupport_introspection_c.dir/all] Interrupt
[13.504s] gmake: *** [Makefile:146: all] Interrupt
[13.504s] Invoked command in '/root/ros2_testing/build/turtlesim' returned '-2': CMAKE_PREFIX_PATH=/opt/ros/humble /usr/bin/cmake --build /root/ros2_testing/build/turtlesim -- -j8 -l8
