Start testing: Feb 25 03:21 UTC
----------------------------------------------------------
1/2 Testing: test_node_interface
1/2 Test: test_node_interface
Command: "/usr/bin/python3.10" "-u" "/opt/ros/humble/share/ament_cmake_test/cmake/run_test.py" "/root/ros2_testing/build/canopen_proxy_driver/test_results/canopen_proxy_driver/test_node_interface.gtest.xml" "--package-name" "canopen_proxy_driver" "--output-file" "/root/ros2_testing/build/canopen_proxy_driver/ament_cmake_gtest/test_node_interface.txt" "--command" "/root/ros2_testing/build/canopen_proxy_driver/test/test_node_interface" "--gtest_output=xml:/root/ros2_testing/build/canopen_proxy_driver/test_results/canopen_proxy_driver/test_node_interface.gtest.xml"
Directory: /root/ros2_testing/build/canopen_proxy_driver/test
"test_node_interface" start time: Feb 25 03:21 UTC
Output:
----------------------------------------------------------
-- run_test.py: invoking following command in '/root/ros2_testing/build/canopen_proxy_driver/test':
 - /root/ros2_testing/build/canopen_proxy_driver/test/test_node_interface --gtest_output=xml:/root/ros2_testing/build/canopen_proxy_driver/test_results/canopen_proxy_driver/test_node_interface.gtest.xml
Running main() from /opt/ros/humble/src/gtest_vendor/src/gtest_main.cc
[==========] Running 2 tests from 2 test suites.
[----------] Global test environment set-up.
[----------] 1 test from NodeCanopenProxyDriver
[ RUN      ] NodeCanopenProxyDriver.test_good_sequence_advanced
[       OK ] NodeCanopenProxyDriver.test_good_sequence_advanced (238 ms)
[----------] 1 test from NodeCanopenProxyDriver (238 ms total)

[----------] 1 test from NodeCanopenBasicLifecycleMaster
[ RUN      ] NodeCanopenBasicLifecycleMaster.test_good_sequence_advanced
[       OK ] NodeCanopenBasicLifecycleMaster.test_good_sequence_advanced (137 ms)
[----------] 1 test from NodeCanopenBasicLifecycleMaster (137 ms total)

[----------] Global test environment tear-down
[==========] 2 tests from 2 test suites ran. (376 ms total)
[  PASSED  ] 2 tests.
-- run_test.py: return code 0
-- run_test.py: inject classname prefix into gtest result file '/root/ros2_testing/build/canopen_proxy_driver/test_results/canopen_proxy_driver/test_node_interface.gtest.xml'
-- run_test.py: verify result file '/root/ros2_testing/build/canopen_proxy_driver/test_results/canopen_proxy_driver/test_node_interface.gtest.xml'
<end of output>
Test time =   0.69 sec
----------------------------------------------------------
Test Passed.
"test_node_interface" end time: Feb 25 03:21 UTC
"test_node_interface" time elapsed: 00:00:00
----------------------------------------------------------

2/2 Testing: test_driver_component
2/2 Test: test_driver_component
Command: "/usr/bin/python3.10" "-u" "/opt/ros/humble/share/ament_cmake_test/cmake/run_test.py" "/root/ros2_testing/build/canopen_proxy_driver/test_results/canopen_proxy_driver/test_driver_component.gtest.xml" "--package-name" "canopen_proxy_driver" "--output-file" "/root/ros2_testing/build/canopen_proxy_driver/ament_cmake_gtest/test_driver_component.txt" "--command" "/root/ros2_testing/build/canopen_proxy_driver/test/test_driver_component" "--gtest_output=xml:/root/ros2_testing/build/canopen_proxy_driver/test_results/canopen_proxy_driver/test_driver_component.gtest.xml"
Directory: /root/ros2_testing/build/canopen_proxy_driver/test
"test_driver_component" start time: Feb 25 03:21 UTC
Output:
----------------------------------------------------------
-- run_test.py: invoking following command in '/root/ros2_testing/build/canopen_proxy_driver/test':
 - /root/ros2_testing/build/canopen_proxy_driver/test/test_driver_component --gtest_output=xml:/root/ros2_testing/build/canopen_proxy_driver/test_results/canopen_proxy_driver/test_driver_component.gtest.xml
Running main() from /opt/ros/humble/src/gtest_vendor/src/gtest_main.cc
[==========] Running 2 tests from 1 test suite.
[----------] Global test environment set-up.
[----------] 2 tests from ComponentLoad
[ RUN      ] ComponentLoad.test_load_component_1
[INFO] [1677295273.247554900] [ComponentManager]: Load Library: /root/ros2_testing/install/canopen_proxy_driver/lib/liblifecycle_proxy_driver.so
[INFO] [1677295273.255286500] [ComponentManager]: Found class: rclcpp_components::NodeFactoryTemplate<ros2_canopen::LifecycleProxyDriver>
[INFO] [1677295273.255523300] [ComponentManager]: Instantiate class: rclcpp_components::NodeFactoryTemplate<ros2_canopen::LifecycleProxyDriver>
[       OK ] ComponentLoad.test_load_component_1 (57 ms)
[ RUN      ] ComponentLoad.test_load_component_2
[INFO] [1677295273.287731200] [ComponentManager]: Load Library: /root/ros2_testing/install/canopen_proxy_driver/lib/libproxy_driver.so
[INFO] [1677295273.288728700] [ComponentManager]: Found class: rclcpp_components::NodeFactoryTemplate<ros2_canopen::ProxyDriver>
[INFO] [1677295273.288864900] [ComponentManager]: Instantiate class: rclcpp_components::NodeFactoryTemplate<ros2_canopen::ProxyDriver>
[       OK ] ComponentLoad.test_load_component_2 (28 ms)
[----------] 2 tests from ComponentLoad (85 ms total)

[----------] Global test environment tear-down
[==========] 2 tests from 1 test suite ran. (85 ms total)
[  PASSED  ] 2 tests.
-- run_test.py: return code 0
-- run_test.py: inject classname prefix into gtest result file '/root/ros2_testing/build/canopen_proxy_driver/test_results/canopen_proxy_driver/test_driver_component.gtest.xml'
-- run_test.py: verify result file '/root/ros2_testing/build/canopen_proxy_driver/test_results/canopen_proxy_driver/test_driver_component.gtest.xml'
<end of output>
Test time =   0.30 sec
----------------------------------------------------------
Test Passed.
"test_driver_component" end time: Feb 25 03:21 UTC
"test_driver_component" time elapsed: 00:00:00
----------------------------------------------------------

End testing: Feb 25 03:21 UTC

gtest =   0.99 sec*proc

