[0.049s] Invoking command in '/root/ros2_testing/build/lely_core_libraries': CMAKE_PREFIX_PATH=/opt/ros/humble /usr/bin/cmake /root/ros2_testing/src/ros2_canopen/lely_core_libraries -DCMAKE_INSTALL_PREFIX=/root/ros2_testing/install/lely_core_libraries
[0.304s] -- The C compiler identification is GNU 11.3.0
[0.448s] -- The CXX compiler identification is GNU 11.3.0
[0.469s] -- Detecting C compiler ABI info
[0.617s] -- Detecting C compiler ABI info - done
[0.628s] -- Check for working C compiler: /usr/bin/cc - skipped
[0.630s] -- Detecting C compile features
[0.630s] -- Detecting C compile features - done
[0.639s] -- Detecting CXX compiler ABI info
[0.792s] -- Detecting CXX compiler ABI info - done
[0.805s] -- Check for working CXX compiler: /usr/bin/c++ - skipped
[0.805s] -- Detecting CXX compile features
[0.807s] -- Detecting CXX compile features - done
[0.832s] -- Found ament_cmake: 1.3.3 (/opt/ros/humble/share/ament_cmake/cmake)
[1.097s] -- Found Python3: /usr/bin/python3.10 (found version "3.10.6") found components: Interpreter 
[1.446s] -- Configuring done
[1.466s] -- Generating done
[1.478s] -- Build files have been written to: /root/ros2_testing/build/lely_core_libraries
[1.489s] Invoked command in '/root/ros2_testing/build/lely_core_libraries' returned '0': CMAKE_PREFIX_PATH=/opt/ros/humble /usr/bin/cmake /root/ros2_testing/src/ros2_canopen/lely_core_libraries -DCMAKE_INSTALL_PREFIX=/root/ros2_testing/install/lely_core_libraries
[1.496s] Invoking command in '/root/ros2_testing/build/lely_core_libraries': CMAKE_PREFIX_PATH=/opt/ros/humble /usr/bin/cmake --build /root/ros2_testing/build/lely_core_libraries -- -j8 -l8
[1.592s] [ 12%] [34m[1mCreating directories for 'upstr_lely_core_libraries'[0m
[1.706s] [ 25%] [34m[1mPerforming download step (git clone) for 'upstr_lely_core_libraries'[0m
[1.740s] Cloning into 'upstr_lely_core_libraries'...
[5.226s] HEAD is now at ac31cd5c release v2.3.1
[5.362s] [ 37%] [34m[1mPerforming update step for 'upstr_lely_core_libraries'[0m
[5.403s] [ 50%] [34m[1mNo patch step for 'upstr_lely_core_libraries'[0m
[5.461s] [ 62%] [34m[1mPerforming configure step for 'upstr_lely_core_libraries'[0m
[13.336s] gmake[2]: *** [CMakeFiles/upstr_lely_core_libraries.dir/build.make:93: upstr_lely_core_libraries-prefix/src/upstr_lely_core_libraries-stamp/upstr_lely_core_libraries-configure] Interrupt
[13.337s] gmake[1]: *** [CMakeFiles/Makefile2:137: CMakeFiles/upstr_lely_core_libraries.dir/all] Interrupt
[13.353s] gmake: *** [Makefile:146: all] Interrupt
[13.490s] Invoked command in '/root/ros2_testing/build/lely_core_libraries' returned '-2': CMAKE_PREFIX_PATH=/opt/ros/humble /usr/bin/cmake --build /root/ros2_testing/build/lely_core_libraries -- -j8 -l8
