<?xml version="1.0" encoding="UTF-8"?>
<testsuites tests="2" failures="0" disabled="0" errors="0" time="0.085" timestamp="2023-02-25T03:21:13" name="AllTests">
  <testsuite name="ComponentLoad" tests="2" failures="0" disabled="0" errors="0" time="0.085" timestamp="2023-02-25T03:21:13">
    <testcase name="test_load_component_1" status="run" result="completed" time="0.057" timestamp="2023-02-25T03:21:13" classname="canopen_proxy_driver.ComponentLoad" />
    <testcase name="test_load_component_2" status="run" result="completed" time="0.028" timestamp="2023-02-25T03:21:13" classname="canopen_proxy_driver.ComponentLoad" />
  </testsuite>
</testsuites>
